<?xml version="1.0" encoding="UTF-8"?>
<!-- Generated by org.testng.reporters.JUnitReportReporter -->
<testsuite hostname="LAPTOP-7I9RG3P0" failures="0" tests="1" name="testng.OpenChrome" time="12.469" errors="0" timestamp="2019-12-24T23:18:12 IST" skipped="0">
  <testcase classname="testng.OpenChrome" name="testGoogleSearch" time="12.469"/>
</testsuite> <!-- testng.OpenChrome -->
