<?xml version="1.0" encoding="UTF-8"?>
<!-- Generated by org.testng.reporters.JUnitReportReporter -->
<testsuite hostname="LAPTOP-7I9RG3P0" failures="0" tests="1" name="testng.ActionsDemo" time="20.340" errors="0" timestamp="2020-01-02T12:44:45 IST" skipped="0">
  <testcase classname="testng.ActionsDemo" name="mouseOver" time="20.340"/>
</testsuite> <!-- testng.ActionsDemo -->
