<?xml version="1.0" encoding="UTF-8"?>
<!-- Generated by org.testng.reporters.JUnitReportReporter -->
<testsuite hostname="LAPTOP-7I9RG3P0" failures="0" tests="1" name="testng.Facebook" time="14.928" errors="0" timestamp="2019-12-31T01:03:24 IST" skipped="0">
  <testcase classname="testng.Facebook" name="fbLandingPage" time="14.928"/>
</testsuite> <!-- testng.Facebook -->
